This file contains any messages produced by compilers while
running configure, to aid debugging if configure makes a mistake.

It was created by sqlite3ext_file configure 1.0, which was
generated by GNU Autoconf 2.72.  Invocation command line was

  $ ./configure CFLAGS=-O2 --no-create --no-recursion

## --------- ##
## Platform. ##
## --------- ##

hostname = PC-ROSS
uname -m = x86_64
uname -r = 3.6.4-23a25d49.x86_64
uname -s = MINGW64_NT-10.0-26200
uname -v = 2025-07-16 16:15 UTC

/usr/bin/uname -p = unknown
/bin/uname -X     = unknown

/bin/arch              = x86_64
/usr/bin/arch -k       = unknown
/usr/convex/getsysinfo = unknown
/usr/bin/hostinfo      = unknown
/bin/machine           = unknown
/usr/bin/oslevel       = unknown
/bin/universe          = unknown

PATH: /mingw64/bin/
PATH: /usr/local/bin/
PATH: /usr/bin/
PATH: /bin/
PATH: /c/Windows/System32/
PATH: /c/Windows/
PATH: /c/Windows/System32/Wbem/
PATH: /c/Windows/System32/WindowsPowerShell/v1.0/
PATH: /usr/bin/site_perl/
PATH: /usr/bin/vendor_perl/
PATH: /usr/bin/core_perl/
PATH: /c/Program Files/Git/bin/


## ----------- ##
## Core tests. ##
## ----------- ##

configure:2155: loading site script /etc/config.site
| # This file is in public domain.
| # Original author: Karlson2k (Evgeny Grin)
| # Written for MSys2 to help running 'configure' scripts
| 
| # Defaults for MSys2/MinGW64-targeted programs
| 
| # Set proper selfname on bash and fallback to default name on other shells
| test -n "${BASH_SOURCE}" 2>/dev/null && config_site_me="${BASH_SOURCE[0]##*/}" || config_site_me=config.site
| 
| # Set default 'host' to speedup configure
| if test -z "$build_alias"; then
|   build_alias="${MSYSTEM_CHOST}"  && \
|     ${as_echo-echo} "$config_site_me:${as_lineno-$LINENO}: default build_alias set to $build_alias" >&5
| fi
| 
| # Set default 'prefix'
| if ( test -z "$prefix" || test "x$prefix" = "xNONE" ) && \
|     ( test -z "$exec_prefix" || test "x$exec_prefix" = "xNONE" ); then
|   prefix="${MSYSTEM_PREFIX}" && \
|     ${as_echo-echo} "$config_site_me:${as_lineno-$LINENO}: default prefix set to $prefix" >&5
| fi
config.site:13: default build_alias set to x86_64-w64-mingw32
config.site:20: default prefix set to /mingw64
configure:2531: looking for aux files: compile config.guess config.sub ltmain.sh missing install-sh
configure:2544:  trying ./
configure:2573:   ./compile found
configure:2573:   ./config.guess found
configure:2573:   ./config.sub found
configure:2573:   ./ltmain.sh found
configure:2573:   ./missing found
configure:2555:   ./install-sh found
configure:2706: checking for a BSD-compatible install
configure:2780: result: /usr/bin/install -c
configure:2791: checking whether sleep supports fractional seconds
configure:2807: result: yes
configure:2810: checking filesystem timestamp resolution
configure:2945: result: 0.01
configure:2950: checking whether build environment is sane
configure:2995: result: yes
configure:3166: checking for a race-free mkdir -p
configure:3209: result: /usr/bin/mkdir -p
configure:3216: checking for gawk
configure:3237: found /usr/bin/gawk
configure:3249: result: gawk
configure:3260: checking whether make sets $(MAKE)
configure:3284: result: yes
configure:3310: checking whether make supports nested variables
configure:3329: result: yes
configure:3343: checking xargs -n works
configure:3359: result: yes
configure:3444: checking whether UID '197609' is supported by ustar format
configure:3450: result: yes
configure:3457: checking whether GID '197121' is supported by ustar format
configure:3463: result: yes
configure:3471: checking how to create a ustar tar archive
configure:3482: tar --version
tar (GNU tar) 1.35
Copyright (C) 2023 Free Software Foundation, Inc.
License GPLv3+: GNU GPL version 3 or later <https://gnu.org/licenses/gpl.html>.
This is free software: you are free to change and redistribute it.
There is NO WARRANTY, to the extent permitted by law.

Written by John Gilmore and Jay Fenlason.
configure:3485: $? = 0
configure:3525: tardir=conftest.dir && eval tar --format=ustar -chf - "$tardir" >conftest.tar
configure:3528: $? = 0
configure:3532: tar -xf - <conftest.tar
configure:3535: $? = 0
configure:3537: cat conftest.dir/file
GrepMe
configure:3540: $? = 0
configure:3555: result: gnutar
configure:3613: checking build system type
configure:3629: result: x86_64-w64-mingw32
configure:3649: checking host system type
configure:3664: result: x86_64-w64-mingw32
configure:3705: checking how to print strings
configure:3732: result: printf
configure:3766: checking whether make supports the include directive
configure:3781: make -f confmf.GNU && cat confinc.out
make[1]: Entering directory '/c/Users/andrea/Desktop/sqlite3ext_file'
make[1]: Leaving directory '/c/Users/andrea/Desktop/sqlite3ext_file'
this is the am__doit target
configure:3784: $? = 0
configure:3803: result: yes (GNU style)
configure:3880: checking for gcc
configure:3901: found /mingw64/bin/gcc
configure:3913: result: gcc
configure:4272: checking for C compiler version
configure:4281: gcc --version >&5
gcc.exe (Rev8, Built by MSYS2 project) 15.1.0
Copyright (C) 2025 Free Software Foundation, Inc.
This is free software; see the source for copying conditions.  There is NO
warranty; not even for MERCHANTABILITY or FITNESS FOR A PARTICULAR PURPOSE.

configure:4292: $? = 0
configure:4281: gcc -v >&5
Using built-in specs.
COLLECT_GCC=C:\Users\andrea\AppData\Local\Programs\msys64\mingw64\bin\gcc.exe
COLLECT_LTO_WRAPPER=C:/Users/andrea/AppData/Local/Programs/msys64/mingw64/bin/../lib/gcc/x86_64-w64-mingw32/15.1.0/lto-wrapper.exe
Target: x86_64-w64-mingw32
Configured with: ../gcc-15.1.0/configure --prefix=/mingw64 --with-local-prefix=/mingw64/local --with-native-system-header-dir=/mingw64/include --libexecdir=/mingw64/lib --enable-bootstrap --enable-checking=release --with-arch=nocona --with-tune=generic --enable-mingw-wildcard --enable-languages=c,lto,c++,fortran,ada,objc,obj-c++,jit --enable-shared --enable-static --enable-libatomic --enable-threads=posix --enable-graphite --enable-fully-dynamic-string --enable-libstdcxx-backtrace=yes --enable-libstdcxx-filesystem-ts --enable-libstdcxx-time --disable-libstdcxx-pch --enable-lto --enable-libgomp --disable-libssp --disable-multilib --disable-rpath --disable-win32-registry --disable-nls --disable-werror --disable-symvers --with-libiconv --with-system-zlib --with-gmp=/mingw64 --with-mpfr=/mingw64 --with-mpc=/mingw64 --with-isl=/mingw64 --with-pkgversion='Rev8, Built by MSYS2 project' --with-bugurl=https://github.com/msys2/MINGW-packages/issues --with-gnu-as --with-gnu-ld --with-libstdcxx-zoneinfo=yes --disable-libstdcxx-debug --enable-plugin --with-boot-ldflags=-static-libstdc++ --with-stage1-ldflags=-static-libstdc++
Thread model: posix
Supported LTO compression algorithms: zlib zstd
gcc version 15.1.0 (Rev8, Built by MSYS2 project) 
configure:4292: $? = 0
configure:4281: gcc -V >&5
gcc.exe: error: unrecognized command-line option '-V'
gcc.exe: fatal error: no input files
compilation terminated.
configure:4292: $? = 1
configure:4281: gcc -qversion >&5
gcc.exe: error: unrecognized command-line option '-qversion'; did you mean '--version'?
gcc.exe: fatal error: no input files
compilation terminated.
configure:4292: $? = 1
configure:4281: gcc -version >&5
gcc.exe: error: unrecognized command-line option '-version'
gcc.exe: fatal error: no input files
compilation terminated.
configure:4292: $? = 1
configure:4312: checking whether the C compiler works
configure:4334: gcc -O2   conftest.c  >&5
configure:4338: $? = 0
configure:4389: result: yes
configure:4393: checking for C compiler default output file name
configure:4395: result: a.exe
configure:4401: checking for suffix of executables
configure:4408: gcc -o conftest.exe -O2   conftest.c  >&5
configure:4412: $? = 0
configure:4436: result: .exe
configure:4460: checking whether we are cross compiling
configure:4468: gcc -o conftest.exe -O2   conftest.c  >&5
configure:4472: $? = 0
configure:4479: ./conftest.exe
configure:4483: $? = 0
configure:4498: result: no
configure:4504: checking for suffix of object files
configure:4527: gcc -c -O2  conftest.c >&5
configure:4531: $? = 0
configure:4555: result: o
configure:4559: checking whether the compiler supports GNU C
configure:4579: gcc -c -O2  conftest.c >&5
configure:4579: $? = 0
configure:4591: result: yes
configure:4602: checking whether gcc accepts -g
configure:4623: gcc -c -g  conftest.c >&5
configure:4623: $? = 0
configure:4670: result: yes
configure:4690: checking for gcc option to enable C11 features
configure:4705: gcc  -c -O2  conftest.c >&5
configure:4705: $? = 0
configure:4724: result: none needed
configure:4848: checking whether gcc understands -c and -o together
configure:4871: gcc -c conftest.c -o conftest2.o
configure:4874: $? = 0
configure:4871: gcc -c conftest.c -o conftest2.o
configure:4874: $? = 0
configure:4890: result: yes
configure:4909: checking dependency style of gcc
configure:5022: result: gcc3
configure:5037: checking for a sed that does not truncate output
configure:5109: result: /usr/bin/sed
configure:5127: checking for grep that handles long lines and -e
configure:5193: result: /usr/bin/grep
configure:5198: checking for egrep
configure:5268: result: /usr/bin/grep -E
configure:5275: checking for fgrep
configure:5345: result: /usr/bin/grep -F
configure:5382: checking for ld used by gcc
configure:5451: result: C:/Users/andrea/AppData/Local/Programs/msys64/mingw64/x86_64-w64-mingw32/bin/ld.exe
configure:5458: checking if the linker (C:/Users/andrea/AppData/Local/Programs/msys64/mingw64/x86_64-w64-mingw32/bin/ld.exe) is GNU ld
configure:5475: result: yes
configure:5487: checking for BSD- or MS-compatible name lister (nm)
configure:5543: result: /mingw64/bin/nm -B
configure:5685: checking the name lister (/mingw64/bin/nm -B) interface
configure:5693: gcc -c -O2  conftest.c >&5
configure:5696: /mingw64/bin/nm -B "conftest.o"
configure:5699: output
0000000000000000 b .bss
0000000000000000 d .data
0000000000000000 r .rdata$zzz
0000000000000000 t .text
0000000000000000 B some_variable
configure:5707: result: BSD nm
configure:5710: checking whether ln -s works
configure:5717: result: no, using cp -pR
configure:5722: checking the maximum length of command line arguments
configure:5855: result: 8192
configure:5903: checking how to convert x86_64-w64-mingw32 file names to x86_64-w64-mingw32 format
configure:5945: result: func_convert_file_msys_to_w32
configure:5952: checking how to convert x86_64-w64-mingw32 file names to toolchain format
configure:5974: result: func_convert_file_msys_to_w32
configure:5981: checking for C:/Users/andrea/AppData/Local/Programs/msys64/mingw64/x86_64-w64-mingw32/bin/ld.exe option to reload object files
configure:5990: result: -r
configure:6023: checking for file
configure:6044: found /usr/bin/file
configure:6057: result: file
configure:6120: checking for objdump
configure:6141: found /mingw64/bin/objdump
configure:6153: result: objdump
configure:6182: checking how to recognize dependent libraries
configure:6391: result: file_magic ^x86 archive import|^x86 DLL
configure:6482: checking for dlltool
configure:6503: found /mingw64/bin/dlltool
configure:6515: result: dlltool
configure:6545: checking how to associate runtime and link libraries
configure:6574: result: func_cygming_dll_for_implib
configure:6635: checking for ranlib
configure:6656: found /mingw64/bin/ranlib
configure:6668: result: ranlib
configure:6745: checking for ar
configure:6766: found /mingw64/bin/ar
configure:6778: result: ar
configure:6831: checking for archiver @FILE support
configure:6849: gcc -c -O2  conftest.c >&5
configure:6849: $? = 0
configure:6853: ar cr libconftest.a @conftest.lst >&5
configure:6856: $? = 0
configure:6861: ar cr libconftest.a @conftest.lst >&5
C:\Users\andrea\AppData\Local\Programs\msys64\mingw64\bin\ar.exe: conftest.o: No such file or directory
configure:6864: $? = 1
configure:6877: result: @
configure:6941: checking for strip
configure:6962: found /mingw64/bin/strip
configure:6974: result: strip
configure:7077: checking command to parse /mingw64/bin/nm -B output from gcc object
configure:7231: gcc -c -O2  conftest.c >&5
configure:7234: $? = 0
configure:7238: /mingw64/bin/nm -B conftest.o | /usr/bin/sed -n -e 's/^.*[	 ]\([ABCDGIRSTW][ABCDGIRSTW]*\)[	 ][	 ]*\([_A-Za-z][_A-Za-z0-9]*\)\{0,1\}$/\1 \2 \2/p' | /usr/bin/sed '/ __gnu_lto/d' > conftest.nm
configure:7304: gcc -o conftest.exe -O2   conftest.c conftstm.o >&5
configure:7307: $? = 0
configure:7346: result: ok
configure:7393: checking for sysroot
configure:7427: result: no
configure:7434: checking for a working dd
configure:7479: result: /usr/bin/dd
configure:7483: checking how to truncate binary pipes
configure:7500: result: /usr/bin/dd bs=4096 count=1
configure:7840: checking for mt
configure:7876: result: no
configure:7896: checking if : is a manifest tool
configure:7903: : '-?'
configure:7912: result: no
configure:8709: checking for stdio.h
configure:8709: gcc -c -O2  conftest.c >&5
configure:8709: $? = 0
configure:8709: result: yes
configure:8709: checking for stdlib.h
configure:8709: gcc -c -O2  conftest.c >&5
configure:8709: $? = 0
configure:8709: result: yes
configure:8709: checking for string.h
configure:8709: gcc -c -O2  conftest.c >&5
configure:8709: $? = 0
configure:8709: result: yes
configure:8709: checking for inttypes.h
configure:8709: gcc -c -O2  conftest.c >&5
configure:8709: $? = 0
configure:8709: result: yes
configure:8709: checking for stdint.h
configure:8709: gcc -c -O2  conftest.c >&5
configure:8709: $? = 0
configure:8709: result: yes
configure:8709: checking for strings.h
configure:8709: gcc -c -O2  conftest.c >&5
configure:8709: $? = 0
configure:8709: result: yes
configure:8709: checking for sys/stat.h
configure:8709: gcc -c -O2  conftest.c >&5
configure:8709: $? = 0
configure:8709: result: yes
configure:8709: checking for sys/types.h
configure:8709: gcc -c -O2  conftest.c >&5
configure:8709: $? = 0
configure:8709: result: yes
configure:8709: checking for unistd.h
configure:8709: gcc -c -O2  conftest.c >&5
configure:8709: $? = 0
configure:8709: result: yes
configure:8734: checking for dlfcn.h
configure:8734: gcc -c -O2  conftest.c >&5
conftest.c:50:10: fatal error: dlfcn.h: No such file or directory
   50 | #include <dlfcn.h>
      |          ^~~~~~~~~
compilation terminated.
configure:8734: $? = 1
configure: failed program was:
| /* confdefs.h */
| #define PACKAGE_NAME "sqlite3ext_file"
| #define PACKAGE_TARNAME "sqlite3ext_file"
| #define PACKAGE_VERSION "1.0"
| #define PACKAGE_STRING "sqlite3ext_file 1.0"
| #define PACKAGE_BUGREPORT "andrear1979@hotmail.com"
| #define PACKAGE_URL ""
| #define PACKAGE "sqlite3ext_file"
| #define VERSION "1.0"
| #define HAVE_STDIO_H 1
| #define HAVE_STDLIB_H 1
| #define HAVE_STRING_H 1
| #define HAVE_INTTYPES_H 1
| #define HAVE_STDINT_H 1
| #define HAVE_STRINGS_H 1
| #define HAVE_SYS_STAT_H 1
| #define HAVE_SYS_TYPES_H 1
| #define HAVE_UNISTD_H 1
| #define STDC_HEADERS 1
| /* end confdefs.h.  */
| #include <stddef.h>
| #ifdef HAVE_STDIO_H
| # include <stdio.h>
| #endif
| #ifdef HAVE_STDLIB_H
| # include <stdlib.h>
| #endif
| #ifdef HAVE_STRING_H
| # include <string.h>
| #endif
| #ifdef HAVE_INTTYPES_H
| # include <inttypes.h>
| #endif
| #ifdef HAVE_STDINT_H
| # include <stdint.h>
| #endif
| #ifdef HAVE_STRINGS_H
| # include <strings.h>
| #endif
| #ifdef HAVE_SYS_TYPES_H
| # include <sys/types.h>
| #endif
| #ifdef HAVE_SYS_STAT_H
| # include <sys/stat.h>
| #endif
| #ifdef HAVE_UNISTD_H
| # include <unistd.h>
| #endif
| 
| #include <dlfcn.h>
configure:8734: result: no
configure:8831: checking for as
configure:8852: found /mingw64/bin/as
configure:8864: result: as
configure:8935: checking for dlltool
configure:8968: result: dlltool
configure:9039: checking for objdump
configure:9072: result: objdump
configure:9370: checking for objdir
configure:9387: result: .libs
configure:9649: checking if gcc supports -fno-rtti -fno-exceptions
configure:9668: gcc -c -O2  -fno-rtti -fno-exceptions conftest.c >&5
cc1.exe: warning: command-line option '-fno-rtti' is valid for C++/D/ObjC++ but not for C
configure:9672: $? = 0
configure:9686: result: no
configure:10059: checking for gcc option to produce PIC
configure:10068: result: -DDLL_EXPORT -DPIC
configure:10076: checking if gcc PIC flag -DDLL_EXPORT -DPIC works
configure:10095: gcc -c -O2  -DDLL_EXPORT -DPIC -DPIC conftest.c >&5
configure:10099: $? = 0
configure:10113: result: yes
configure:10142: checking if gcc static flag -static works
configure:10172: result: yes
configure:10187: checking if gcc supports -c -o file.o
configure:10209: gcc -c -O2  -o out/conftest2.o conftest.c >&5
configure:10213: $? = 0
configure:10236: result: yes
configure:10244: checking if gcc supports -c -o file.o
configure:10293: result: yes
configure:10326: checking whether the gcc linker (C:/Users/andrea/AppData/Local/Programs/msys64/mingw64/x86_64-w64-mingw32/bin/ld.exe) supports shared libraries
configure:11610: result: yes
configure:11647: checking whether -lc should be explicitly linked in
configure:11656: gcc -c -O2  conftest.c >&5
configure:11659: $? = 0
configure:11674: gcc -shared conftest.o  -v -o ./conftest -Wl,--enable-auto-image-base -Xlinker --out-implib -Xlinker conftest 2\>\&1 \| /usr/bin/grep  -lc  \>/dev/null 2\>\&1
configure:11677: $? = 1
configure:11692: result: yes
configure:11852: checking dynamic linker characteristics
configure:13236: result: Win32 ld.exe
configure:13358: checking how to hardcode library paths into programs
configure:13383: result: immediate
configure:13983: checking whether stripping libraries is possible
configure:13992: result: yes
configure:14034: checking if libtool supports shared libraries
configure:14036: result: yes
configure:14039: checking whether to build shared libraries
configure:14064: result: yes
configure:14067: checking whether to build static libraries
configure:14071: result: yes
configure:14164: checking for gcc
configure:14197: result: gcc
configure:14556: checking for C compiler version
configure:14565: gcc --version >&5
gcc.exe (Rev8, Built by MSYS2 project) 15.1.0
Copyright (C) 2025 Free Software Foundation, Inc.
This is free software; see the source for copying conditions.  There is NO
warranty; not even for MERCHANTABILITY or FITNESS FOR A PARTICULAR PURPOSE.

configure:14576: $? = 0
configure:14565: gcc -v >&5
Using built-in specs.
COLLECT_GCC=C:\Users\andrea\AppData\Local\Programs\msys64\mingw64\bin\gcc.exe
COLLECT_LTO_WRAPPER=C:/Users/andrea/AppData/Local/Programs/msys64/mingw64/bin/../lib/gcc/x86_64-w64-mingw32/15.1.0/lto-wrapper.exe
Target: x86_64-w64-mingw32
Configured with: ../gcc-15.1.0/configure --prefix=/mingw64 --with-local-prefix=/mingw64/local --with-native-system-header-dir=/mingw64/include --libexecdir=/mingw64/lib --enable-bootstrap --enable-checking=release --with-arch=nocona --with-tune=generic --enable-mingw-wildcard --enable-languages=c,lto,c++,fortran,ada,objc,obj-c++,jit --enable-shared --enable-static --enable-libatomic --enable-threads=posix --enable-graphite --enable-fully-dynamic-string --enable-libstdcxx-backtrace=yes --enable-libstdcxx-filesystem-ts --enable-libstdcxx-time --disable-libstdcxx-pch --enable-lto --enable-libgomp --disable-libssp --disable-multilib --disable-rpath --disable-win32-registry --disable-nls --disable-werror --disable-symvers --with-libiconv --with-system-zlib --with-gmp=/mingw64 --with-mpfr=/mingw64 --with-mpc=/mingw64 --with-isl=/mingw64 --with-pkgversion='Rev8, Built by MSYS2 project' --with-bugurl=https://github.com/msys2/MINGW-packages/issues --with-gnu-as --with-gnu-ld --with-libstdcxx-zoneinfo=yes --disable-libstdcxx-debug --enable-plugin --with-boot-ldflags=-static-libstdc++ --with-stage1-ldflags=-static-libstdc++
Thread model: posix
Supported LTO compression algorithms: zlib zstd
gcc version 15.1.0 (Rev8, Built by MSYS2 project) 
configure:14576: $? = 0
configure:14565: gcc -V >&5
gcc.exe: error: unrecognized command-line option '-V'
gcc.exe: fatal error: no input files
compilation terminated.
configure:14576: $? = 1
configure:14565: gcc -qversion >&5
gcc.exe: error: unrecognized command-line option '-qversion'; did you mean '--version'?
gcc.exe: fatal error: no input files
compilation terminated.
configure:14576: $? = 1
configure:14565: gcc -version >&5
gcc.exe: error: unrecognized command-line option '-version'
gcc.exe: fatal error: no input files
compilation terminated.
configure:14576: $? = 1
configure:14580: checking whether the compiler supports GNU C
configure:14612: result: yes
configure:14623: checking whether gcc accepts -g
configure:14691: result: yes
configure:14711: checking for gcc option to enable C11 features
configure:14745: result: none needed
configure:14869: checking whether gcc understands -c and -o together
configure:14911: result: yes
configure:14930: checking dependency style of gcc
configure:15043: result: gcc3
configure:15063: checking for gawk
configure:15096: result: gawk
configure:15112: checking how to run the C preprocessor
configure:15138: gcc -E  conftest.c
configure:15138: $? = 0
configure:15154: gcc -E  conftest.c
conftest.c:22:10: fatal error: ac_nonexistent.h: No such file or directory
   22 | #include <ac_nonexistent.h>
      |          ^~~~~~~~~~~~~~~~~~
compilation terminated.
configure:15154: $? = 1
configure: failed program was:
| /* confdefs.h */
| #define PACKAGE_NAME "sqlite3ext_file"
| #define PACKAGE_TARNAME "sqlite3ext_file"
| #define PACKAGE_VERSION "1.0"
| #define PACKAGE_STRING "sqlite3ext_file 1.0"
| #define PACKAGE_BUGREPORT "andrear1979@hotmail.com"
| #define PACKAGE_URL ""
| #define PACKAGE "sqlite3ext_file"
| #define VERSION "1.0"
| #define HAVE_STDIO_H 1
| #define HAVE_STDLIB_H 1
| #define HAVE_STRING_H 1
| #define HAVE_INTTYPES_H 1
| #define HAVE_STDINT_H 1
| #define HAVE_STRINGS_H 1
| #define HAVE_SYS_STAT_H 1
| #define HAVE_SYS_TYPES_H 1
| #define HAVE_UNISTD_H 1
| #define STDC_HEADERS 1
| #define LT_OBJDIR ".libs/"
| /* end confdefs.h.  */
| #include <ac_nonexistent.h>
configure:15183: result: gcc -E
configure:15197: gcc -E  conftest.c
configure:15197: $? = 0
configure:15213: gcc -E  conftest.c
conftest.c:22:10: fatal error: ac_nonexistent.h: No such file or directory
   22 | #include <ac_nonexistent.h>
      |          ^~~~~~~~~~~~~~~~~~
compilation terminated.
configure:15213: $? = 1
configure: failed program was:
| /* confdefs.h */
| #define PACKAGE_NAME "sqlite3ext_file"
| #define PACKAGE_TARNAME "sqlite3ext_file"
| #define PACKAGE_VERSION "1.0"
| #define PACKAGE_STRING "sqlite3ext_file 1.0"
| #define PACKAGE_BUGREPORT "andrear1979@hotmail.com"
| #define PACKAGE_URL ""
| #define PACKAGE "sqlite3ext_file"
| #define VERSION "1.0"
| #define HAVE_STDIO_H 1
| #define HAVE_STDLIB_H 1
| #define HAVE_STRING_H 1
| #define HAVE_INTTYPES_H 1
| #define HAVE_STDINT_H 1
| #define HAVE_STRINGS_H 1
| #define HAVE_SYS_STAT_H 1
| #define HAVE_SYS_TYPES_H 1
| #define HAVE_UNISTD_H 1
| #define STDC_HEADERS 1
| #define LT_OBJDIR ".libs/"
| /* end confdefs.h.  */
| #include <ac_nonexistent.h>
configure:15250: checking for stdlib.h
configure:15250: result: yes
configure:15256: checking for string.h
configure:15256: result: yes
configure:15262: checking for utime.h
configure:15262: gcc -c -O2  conftest.c >&5
configure:15262: $? = 0
configure:15262: result: yes
configure:15271: checking for size_t
configure:15271: gcc -c -O2  conftest.c >&5
configure:15271: $? = 0
configure:15271: gcc -c -O2  conftest.c >&5
conftest.c: In function 'main':
conftest.c:56:21: error: expected expression before ')' token
   56 | if (sizeof ((size_t)))
      |                     ^
configure:15271: $? = 1
configure: failed program was:
| /* confdefs.h */
| #define PACKAGE_NAME "sqlite3ext_file"
| #define PACKAGE_TARNAME "sqlite3ext_file"
| #define PACKAGE_VERSION "1.0"
| #define PACKAGE_STRING "sqlite3ext_file 1.0"
| #define PACKAGE_BUGREPORT "andrear1979@hotmail.com"
| #define PACKAGE_URL ""
| #define PACKAGE "sqlite3ext_file"
| #define VERSION "1.0"
| #define HAVE_STDIO_H 1
| #define HAVE_STDLIB_H 1
| #define HAVE_STRING_H 1
| #define HAVE_INTTYPES_H 1
| #define HAVE_STDINT_H 1
| #define HAVE_STRINGS_H 1
| #define HAVE_SYS_STAT_H 1
| #define HAVE_SYS_TYPES_H 1
| #define HAVE_UNISTD_H 1
| #define STDC_HEADERS 1
| #define LT_OBJDIR ".libs/"
| #define HAVE_STDLIB_H 1
| #define HAVE_STRING_H 1
| #define HAVE_UTIME_H 1
| /* end confdefs.h.  */
| #include <stddef.h>
| #ifdef HAVE_STDIO_H
| # include <stdio.h>
| #endif
| #ifdef HAVE_STDLIB_H
| # include <stdlib.h>
| #endif
| #ifdef HAVE_STRING_H
| # include <string.h>
| #endif
| #ifdef HAVE_INTTYPES_H
| # include <inttypes.h>
| #endif
| #ifdef HAVE_STDINT_H
| # include <stdint.h>
| #endif
| #ifdef HAVE_STRINGS_H
| # include <strings.h>
| #endif
| #ifdef HAVE_SYS_TYPES_H
| # include <sys/types.h>
| #endif
| #ifdef HAVE_SYS_STAT_H
| # include <sys/stat.h>
| #endif
| #ifdef HAVE_UNISTD_H
| # include <unistd.h>
| #endif
| int
| main (void)
| {
| if (sizeof ((size_t)))
| 	    return 0;
|   ;
|   return 0;
| }
configure:15271: result: yes
configure:15284: checking for memset
configure:15284: gcc -o conftest.exe -O2   conftest.c  >&5
conftest.c:41:6: warning: conflicting types for built-in function 'memset'; expected 'void *(void *, int,  long long unsigned int)' [-Wbuiltin-declaration-mismatch]
   41 | char memset (void);
      |      ^~~~~~
conftest.c:33:1: note: 'memset' is declared in header '<string.h>'
   32 | #include <limits.h>
   33 | #undef memset
configure:15284: $? = 0
configure:15284: result: yes
configure:15290: checking for mkdir
configure:15290: gcc -o conftest.exe -O2   conftest.c  >&5
configure:15290: $? = 0
configure:15290: result: yes
configure:15296: checking for strrchr
configure:15296: gcc -o conftest.exe -O2   conftest.c  >&5
conftest.c:43:6: warning: conflicting types for built-in function 'strrchr'; expected 'char *(const char *, int)' [-Wbuiltin-declaration-mismatch]
   43 | char strrchr (void);
      |      ^~~~~~~
conftest.c:35:1: note: 'strrchr' is declared in header '<string.h>'
   34 | #include <limits.h>
   35 | #undef strrchr
configure:15296: $? = 0
configure:15296: result: yes
configure:15304: checking for sqlite3_value_text in -lsqlite3
configure:15333: gcc -o conftest.exe -O2   conftest.c -lsqlite3   >&5
configure:15333: $? = 0
configure:15345: result: yes
configure:15359: checking for gcc options needed to detect all undeclared functions
configure:15381: gcc -c -O2   conftest.c >&5
conftest.c: In function 'main':
conftest.c:33:8: error: 'strchr' undeclared (first use in this function)
   33 | (void) strchr;
      |        ^~~~~~
conftest.c:1:1: note: 'strchr' is defined in header '<string.h>'; this is probably fixable by adding '#include <string.h>'
    1 | /* confdefs.h */
conftest.c:33:8: note: each undeclared identifier is reported only once for each function it appears in
   33 | (void) strchr;
      |        ^~~~~~
configure:15381: $? = 1
configure: failed program was:
| /* confdefs.h */
| #define PACKAGE_NAME "sqlite3ext_file"
| #define PACKAGE_TARNAME "sqlite3ext_file"
| #define PACKAGE_VERSION "1.0"
| #define PACKAGE_STRING "sqlite3ext_file 1.0"
| #define PACKAGE_BUGREPORT "andrear1979@hotmail.com"
| #define PACKAGE_URL ""
| #define PACKAGE "sqlite3ext_file"
| #define VERSION "1.0"
| #define HAVE_STDIO_H 1
| #define HAVE_STDLIB_H 1
| #define HAVE_STRING_H 1
| #define HAVE_INTTYPES_H 1
| #define HAVE_STDINT_H 1
| #define HAVE_STRINGS_H 1
| #define HAVE_SYS_STAT_H 1
| #define HAVE_SYS_TYPES_H 1
| #define HAVE_UNISTD_H 1
| #define STDC_HEADERS 1
| #define LT_OBJDIR ".libs/"
| #define HAVE_STDLIB_H 1
| #define HAVE_STRING_H 1
| #define HAVE_UTIME_H 1
| #define HAVE_MEMSET 1
| #define HAVE_MKDIR 1
| #define HAVE_STRRCHR 1
| #define HAVE_LIBSQLITE3 1
| /* end confdefs.h.  */
| 
| int
| main (void)
| {
| (void) strchr;
|   ;
|   return 0;
| }
configure:15408: gcc -c -O2   conftest.c >&5
configure:15408: $? = 0
configure:15428: result: none needed
configure:15442: checking whether _wfopen is declared
configure:15442: gcc -c -O2   conftest.c >&5
configure:15442: $? = 0
configure:15442: result: yes
configure:15450: checking whether sys_siglist is declared
configure:15450: gcc -c -O2   conftest.c >&5
conftest.c: In function 'main':
conftest.c:44:10: error: 'sys_siglist' undeclared (first use in this function)
   44 |   (void) sys_siglist;
      |          ^~~~~~~~~~~
conftest.c:44:10: note: each undeclared identifier is reported only once for each function it appears in
configure:15450: $? = 1
configure: failed program was:
| /* confdefs.h */
| #define PACKAGE_NAME "sqlite3ext_file"
| #define PACKAGE_TARNAME "sqlite3ext_file"
| #define PACKAGE_VERSION "1.0"
| #define PACKAGE_STRING "sqlite3ext_file 1.0"
| #define PACKAGE_BUGREPORT "andrear1979@hotmail.com"
| #define PACKAGE_URL ""
| #define PACKAGE "sqlite3ext_file"
| #define VERSION "1.0"
| #define HAVE_STDIO_H 1
| #define HAVE_STDLIB_H 1
| #define HAVE_STRING_H 1
| #define HAVE_INTTYPES_H 1
| #define HAVE_STDINT_H 1
| #define HAVE_STRINGS_H 1
| #define HAVE_SYS_STAT_H 1
| #define HAVE_SYS_TYPES_H 1
| #define HAVE_UNISTD_H 1
| #define STDC_HEADERS 1
| #define LT_OBJDIR ".libs/"
| #define HAVE_STDLIB_H 1
| #define HAVE_STRING_H 1
| #define HAVE_UTIME_H 1
| #define HAVE_MEMSET 1
| #define HAVE_MKDIR 1
| #define HAVE_STRRCHR 1
| #define HAVE_LIBSQLITE3 1
| #define HAVE_SUPPORT_FOR_WIN32_UTF8_PATHNAMES /**/
| /* end confdefs.h.  */
| #include <signal.h>
| /* NetBSD declares sys_siglist in unistd.h. */
| #if HAVE_UNISTD_H
| # include <unistd.h>
| #endif
| 
| 
| int
| main (void)
| {
| #ifndef sys_siglist
| #ifdef __cplusplus
|   (void) sys_siglist;
| #else
|   (void) sys_siglist;
| #endif
| #endif
| 
|   ;
|   return 0;
| }
configure:15450: result: no
configure:15468: checking for stdio.h
configure:15468: result: yes
configure:15584: checking that generated files are newer than configure
configure:15590: result: done
configure:15629: creating ./config.status

## ---------------- ##
## Cache variables. ##
## ---------------- ##

ac_cv_build=x86_64-w64-mingw32
ac_cv_c_compiler_gnu=yes
ac_cv_c_undeclared_builtin_options='none needed'
ac_cv_env_CC_set=
ac_cv_env_CC_value=
ac_cv_env_CFLAGS_set=set
ac_cv_env_CFLAGS_value=-O2
ac_cv_env_CPPFLAGS_set=
ac_cv_env_CPPFLAGS_value=
ac_cv_env_CPP_set=
ac_cv_env_CPP_value=
ac_cv_env_LDFLAGS_set=
ac_cv_env_LDFLAGS_value=
ac_cv_env_LIBS_set=
ac_cv_env_LIBS_value=
ac_cv_env_LT_SYS_LIBRARY_PATH_set=
ac_cv_env_LT_SYS_LIBRARY_PATH_value=
ac_cv_env_build_alias_set=
ac_cv_env_build_alias_value=
ac_cv_env_host_alias_set=
ac_cv_env_host_alias_value=
ac_cv_env_target_alias_set=
ac_cv_env_target_alias_value=
ac_cv_exeext=.exe
ac_cv_func_memset=yes
ac_cv_func_mkdir=yes
ac_cv_func_strrchr=yes
ac_cv_have_decl__wfopen=yes
ac_cv_have_decl_sys_siglist=no
ac_cv_header_dlfcn_h=no
ac_cv_header_inttypes_h=yes
ac_cv_header_stdint_h=yes
ac_cv_header_stdio_h=yes
ac_cv_header_stdlib_h=yes
ac_cv_header_string_h=yes
ac_cv_header_strings_h=yes
ac_cv_header_sys_stat_h=yes
ac_cv_header_sys_types_h=yes
ac_cv_header_unistd_h=yes
ac_cv_header_utime_h=yes
ac_cv_host=x86_64-w64-mingw32
ac_cv_lib_sqlite3_sqlite3_value_text=yes
ac_cv_objext=o
ac_cv_path_EGREP='/usr/bin/grep -E'
ac_cv_path_EGREP_TRADITIONAL='/usr/bin/grep -E'
ac_cv_path_FGREP='/usr/bin/grep -F'
ac_cv_path_GREP=/usr/bin/grep
ac_cv_path_SED=/usr/bin/sed
ac_cv_path_install='/usr/bin/install -c'
ac_cv_path_lt_DD=/usr/bin/dd
ac_cv_path_mkdir=/usr/bin/mkdir
ac_cv_prog_AWK=gawk
ac_cv_prog_CPP='gcc -E'
ac_cv_prog_FILECMD=file
ac_cv_prog_ac_ct_AR=ar
ac_cv_prog_ac_ct_AS=as
ac_cv_prog_ac_ct_CC=gcc
ac_cv_prog_ac_ct_DLLTOOL=dlltool
ac_cv_prog_ac_ct_OBJDUMP=objdump
ac_cv_prog_ac_ct_RANLIB=ranlib
ac_cv_prog_ac_ct_STRIP=strip
ac_cv_prog_cc_c11=
ac_cv_prog_cc_g=yes
ac_cv_prog_cc_stdc=
ac_cv_prog_make_make_set=yes
ac_cv_type_size_t=yes
am_cv_CC_dependencies_compiler_type=gcc3
am_cv_filesystem_timestamp_resolution=0.01
am_cv_make_support_nested_variables=yes
am_cv_prog_cc_c_o=yes
am_cv_prog_tar_ustar=gnutar
am_cv_sleep_fractional_seconds=yes
am_cv_xargs_n_works=yes
lt_cv_ar_at_file=@
lt_cv_archive_cmds_need_lc=yes
lt_cv_deplibs_check_method='file_magic ^x86 archive import|^x86 DLL'
lt_cv_file_magic_cmd=func_win32_libid
lt_cv_file_magic_test_file=
lt_cv_ld_reload_flag=-r
lt_cv_nm_interface='BSD nm'
lt_cv_objdir=.libs
lt_cv_path_LD=C:/Users/andrea/AppData/Local/Programs/msys64/mingw64/x86_64-w64-mingw32/bin/ld.exe
lt_cv_path_NM='/mingw64/bin/nm -B'
lt_cv_path_manifest_tool=no
lt_cv_prog_compiler_c_o=yes
lt_cv_prog_compiler_pic='-DDLL_EXPORT -DPIC'
lt_cv_prog_compiler_pic_works=yes
lt_cv_prog_compiler_rtti_exceptions=no
lt_cv_prog_compiler_static_works=yes
lt_cv_prog_gnu_ld=yes
lt_cv_sharedlib_from_linklib_cmd=func_cygming_dll_for_implib
lt_cv_sys_global_symbol_pipe='/usr/bin/sed -n -e '\''s/^.*[	 ]\([ABCDGIRSTW][ABCDGIRSTW]*\)[	 ][	 ]*\([_A-Za-z][_A-Za-z0-9]*\)\{0,1\}$/\1 \2 \2/p'\'' | /usr/bin/sed '\''/ __gnu_lto/d'\'''
lt_cv_sys_global_symbol_to_c_name_address='/usr/bin/sed -n -e '\''s/^: \(.*\) .*$/  {"\1", (void *) 0},/p'\'' -e '\''s/^[ABCDGIRSTW][ABCDGIRSTW]* .* \(.*\)$/  {"\1", (void *) \&\1},/p'\'''
lt_cv_sys_global_symbol_to_c_name_address_lib_prefix='/usr/bin/sed -n -e '\''s/^: \(.*\) .*$/  {"\1", (void *) 0},/p'\'' -e '\''s/^[ABCDGIRSTW][ABCDGIRSTW]* .* \(lib.*\)$/  {"\1", (void *) \&\1},/p'\'' -e '\''s/^[ABCDGIRSTW][ABCDGIRSTW]* .* \(.*\)$/  {"lib\1", (void *) \&\1},/p'\'''
lt_cv_sys_global_symbol_to_cdecl='/usr/bin/sed -n -e '\''s/^T .* \(.*\)$/extern int \1();/p'\'' -e '\''s/^[ABCDGIRSTW][ABCDGIRSTW]* .* \(.*\)$/extern char \1;/p'\'''
lt_cv_sys_global_symbol_to_import=
lt_cv_sys_max_cmd_len=8192
lt_cv_to_host_file_cmd=func_convert_file_msys_to_w32
lt_cv_to_tool_file_cmd=func_convert_file_msys_to_w32
lt_cv_truncate_bin='/usr/bin/dd bs=4096 count=1'

## ----------------- ##
## Output variables. ##
## ----------------- ##

ACLOCAL='${SHELL} '\''/c/Users/andrea/Desktop/sqlite3ext_file/missing'\'' aclocal-1.18'
AMDEPBACKSLASH='\'
AMDEP_FALSE='#'
AMDEP_TRUE=''
AMTAR='$${TAR-tar}'
AM_BACKSLASH='\'
AM_DEFAULT_V='$(AM_DEFAULT_VERBOSITY)'
AM_DEFAULT_VERBOSITY='1'
AM_V='$(V)'
AR='ar'
AS='as'
AUTOCONF='${SHELL} '\''/c/Users/andrea/Desktop/sqlite3ext_file/missing'\'' autoconf'
AUTOHEADER='${SHELL} '\''/c/Users/andrea/Desktop/sqlite3ext_file/missing'\'' autoheader'
AUTOMAKE='${SHELL} '\''/c/Users/andrea/Desktop/sqlite3ext_file/missing'\'' automake-1.18'
AWK='gawk'
CC='gcc'
CCDEPMODE='depmode=gcc3'
CFLAGS='-O2'
CPP='gcc -E'
CPPFLAGS=''
CSCOPE='cscope'
CTAGS='ctags'
CYGPATH_W='cygpath -w'
DEFS='-DHAVE_CONFIG_H'
DEPDIR='.deps'
DLLTOOL='dlltool'
DSYMUTIL=''
DUMPBIN=''
ECHO_C=''
ECHO_N='-n'
ECHO_T=''
EGREP='/usr/bin/grep -E'
ETAGS='etags'
EXEEXT='.exe'
FGREP='/usr/bin/grep -F'
FILECMD='file'
GREP='/usr/bin/grep'
INSTALL_DATA='${INSTALL} -m 644'
INSTALL_PROGRAM='${INSTALL}'
INSTALL_SCRIPT='${INSTALL}'
INSTALL_STRIP_PROGRAM='$(install_sh) -c -s'
LD='C:/Users/andrea/AppData/Local/Programs/msys64/mingw64/x86_64-w64-mingw32/bin/ld.exe'
LDFLAGS=''
LIBOBJS=''
LIBS='-lsqlite3 '
LIBTOOL='$(SHELL) $(top_builddir)/libtool'
LIPO=''
LN_S='cp -pR'
LTLIBOBJS=''
LT_SYS_LIBRARY_PATH=''
MAKEINFO='${SHELL} '\''/c/Users/andrea/Desktop/sqlite3ext_file/missing'\'' makeinfo'
MANIFEST_TOOL=':'
MKDIR_P='/usr/bin/mkdir -p'
NM='/mingw64/bin/nm -B'
NMEDIT=''
OBJDUMP='objdump'
OBJEXT='o'
OTOOL64=''
OTOOL=''
PACKAGE='sqlite3ext_file'
PACKAGE_BUGREPORT='andrear1979@hotmail.com'
PACKAGE_NAME='sqlite3ext_file'
PACKAGE_STRING='sqlite3ext_file 1.0'
PACKAGE_TARNAME='sqlite3ext_file'
PACKAGE_URL=''
PACKAGE_VERSION='1.0'
PATH_SEPARATOR=':'
RANLIB='ranlib'
SED='/usr/bin/sed'
SET_MAKE=''
SHELL='/bin/sh'
STRIP='strip'
VERSION='1.0'
ac_ct_AR='ar'
ac_ct_CC='gcc'
ac_ct_DUMPBIN=''
am__EXEEXT_FALSE='#'
am__EXEEXT_TRUE=''
am__fastdepCC_FALSE='#'
am__fastdepCC_TRUE=''
am__include='include'
am__isrc=''
am__leading_dot='.'
am__nodep='_no'
am__quote=''
am__rm_f_notfound=''
am__tar='tar --format=ustar -chf - "$$tardir"'
am__untar='tar -xf -'
am__xargs_n='xargs -n'
bindir='${exec_prefix}/bin'
build='x86_64-w64-mingw32'
build_alias='x86_64-w64-mingw32'
build_cpu='x86_64'
build_os='mingw32'
build_vendor='w64'
datadir='${datarootdir}'
datarootdir='${prefix}/share'
docdir='${datarootdir}/doc/${PACKAGE_TARNAME}'
dvidir='${docdir}'
exec_prefix='${prefix}'
host='x86_64-w64-mingw32'
host_alias=''
host_cpu='x86_64'
host_os='mingw32'
host_vendor='w64'
htmldir='${docdir}'
includedir='${prefix}/include'
infodir='${datarootdir}/info'
install_sh='${SHELL} /c/Users/andrea/Desktop/sqlite3ext_file/install-sh'
libdir='${exec_prefix}/lib'
libexecdir='${exec_prefix}/libexec'
localedir='${datarootdir}/locale'
localstatedir='${prefix}/var'
mandir='${datarootdir}/man'
mkdir_p='$(MKDIR_P)'
oldincludedir='/usr/include'
pdfdir='${docdir}'
prefix='/mingw64'
program_transform_name='s,x,x,'
psdir='${docdir}'
runstatedir='${localstatedir}/run'
sbindir='${exec_prefix}/sbin'
sharedstatedir='${prefix}/com'
sysconfdir='${prefix}/etc'
target_alias=''

## ----------- ##
## confdefs.h. ##
## ----------- ##

/* confdefs.h */
#define PACKAGE_NAME "sqlite3ext_file"
#define PACKAGE_TARNAME "sqlite3ext_file"
#define PACKAGE_VERSION "1.0"
#define PACKAGE_STRING "sqlite3ext_file 1.0"
#define PACKAGE_BUGREPORT "andrear1979@hotmail.com"
#define PACKAGE_URL ""
#define PACKAGE "sqlite3ext_file"
#define VERSION "1.0"
#define HAVE_STDIO_H 1
#define HAVE_STDLIB_H 1
#define HAVE_STRING_H 1
#define HAVE_INTTYPES_H 1
#define HAVE_STDINT_H 1
#define HAVE_STRINGS_H 1
#define HAVE_SYS_STAT_H 1
#define HAVE_SYS_TYPES_H 1
#define HAVE_UNISTD_H 1
#define STDC_HEADERS 1
#define LT_OBJDIR ".libs/"
#define HAVE_STDLIB_H 1
#define HAVE_STRING_H 1
#define HAVE_UTIME_H 1
#define HAVE_MEMSET 1
#define HAVE_MKDIR 1
#define HAVE_STRRCHR 1
#define HAVE_LIBSQLITE3 1
#define HAVE_SUPPORT_FOR_WIN32_UTF8_PATHNAMES /**/
#define HAVE_DECL_SYS_SIGLIST 0
#define HAVE_STDIO_H 1

configure: exit 0

## ---------------------- ##
## Running config.status. ##
## ---------------------- ##

This file was extended by sqlite3ext_file config.status 1.0, which was
generated by GNU Autoconf 2.72.  Invocation command line was

  CONFIG_FILES    = 
  CONFIG_HEADERS  = 
  CONFIG_LINKS    = 
  CONFIG_COMMANDS = 
  $ ./config.status 

on PC-ROSS

config.status:1113: creating Makefile
config.status:1113: creating src/Makefile
config.status:1113: creating config.h
config.status:1294: config.h is unchanged
config.status:1342: executing depfiles commands
config.status:1419: cd src       && sed -e '/# am--include-marker/d' Makefile         | make -f - am--depfiles
make[1]: Entering directory '/c/Users/andrea/Desktop/sqlite3ext_file/src'
make[1]: Nothing to be done for 'am--depfiles'.
make[1]: Leaving directory '/c/Users/andrea/Desktop/sqlite3ext_file/src'
config.status:1424: $? = 0
config.status:1342: executing libtool commands

## ---------------------- ##
## Running config.status. ##
## ---------------------- ##

This file was extended by sqlite3ext_file config.status 1.0, which was
generated by GNU Autoconf 2.72.  Invocation command line was

  CONFIG_FILES    = 
  CONFIG_HEADERS  = 
  CONFIG_LINKS    = 
  CONFIG_COMMANDS = 
  $ ./config.status config.h

on PC-ROSS

config.status:1113: creating config.h
config.status:1294: config.h is unchanged
